<?xml version="1.0" encoding="UTF-8"?>
<!-- Generated by org.testng.reporters.JUnitReportReporter -->
<testsuite hostname="TYSS-Chandana" failures="0" tests="1" name="beauty.LaunchNykaa" time="11.210" errors="0" timestamp="2024-05-21T08:22:01 IST" skipped="0">
  <testcase classname="beauty.LaunchNykaa" name="nykaa" time="11.210"/>
  <system-out>
window is maximized  </system-out>
</testsuite> <!-- beauty.LaunchNykaa -->
