<?xml version="1.0" encoding="UTF-8"?>
<!-- Generated by org.testng.reporters.JUnitReportReporter -->
<testsuite hostname="TYSS-Chandana" failures="0" tests="1" name="beauty.LaunchSugar" time="17.945" errors="0" timestamp="2024-05-21T15:47:04 IST" skipped="0">
  <testcase classname="beauty.LaunchSugar" name="sugar" time="17.945"/>
  <system-out>
window is maximized  </system-out>
</testsuite> <!-- beauty.LaunchSugar -->
