<?xml version="1.0" encoding="UTF-8"?>
<!-- Generated by org.testng.reporters.JUnitReportReporter -->
<testsuite hostname="TYSS-Chandana" failures="0" tests="1" name="food.LaunchKfc_Test" time="7.024" errors="0" timestamp="2024-05-24T07:46:50 IST" skipped="0">
  <testcase classname="food.LaunchKfc_Test" name="kfc" time="7.024"/>
  <system-out/>
</testsuite> <!-- food.LaunchKfc_Test -->
