<?xml version="1.0" encoding="UTF-8"?>
<!-- Generated by org.testng.reporters.JUnitReportReporter -->
<testsuite hostname="TYSS-Chandana" failures="0" tests="1" name="ecom.DemoWebShop2_Test" time="8.246" errors="0" timestamp="2024-05-23T08:33:36 IST" skipped="0">
  <testcase classname="ecom.DemoWebShop2_Test" name="script01" time="8.246"/>
  <system-out>
window is maximized user clicked on Books Page  </system-out>
</testsuite> <!-- ecom.DemoWebShop2_Test -->
