<?xml version="1.0" encoding="UTF-8"?>
<!-- Generated by org.testng.reporters.JUnitReportReporter -->
<testsuite hostname="TYSS-Chandana" failures="0" tests="1" name="beauty.LaunchNykaa_Test" time="4.960" errors="0" timestamp="2024-05-23T08:33:36 IST" skipped="0">
  <testcase classname="beauty.LaunchNykaa_Test" name="nykaa" time="4.960"/>
  <system-out>
window is maximized  </system-out>
</testsuite> <!-- beauty.LaunchNykaa_Test -->
