<?xml version="1.0" encoding="UTF-8"?>
<!-- Generated by org.testng.reporters.JUnitReportReporter -->
<testsuite hostname="TYSS-Chandana" failures="0" tests="1" name="beauty.LaunchLoreal_Test" time="17.395" errors="0" timestamp="2024-05-24T07:21:57 IST" skipped="0">
  <testcase classname="beauty.LaunchLoreal_Test" name="loreal" time="17.395"/>
  <system-out/>
</testsuite> <!-- beauty.LaunchLoreal_Test -->
