<?xml version="1.0" encoding="UTF-8"?>
<!-- Generated by org.testng.reporters.JUnitReportReporter -->
<testsuite hostname="TYSS-Chandana" failures="0" tests="1" name="ecom.DemoWebShop1_Test" time="6.803" errors="0" timestamp="2024-05-23T08:33:36 IST" skipped="0">
  <testcase classname="ecom.DemoWebShop1_Test" name="launch" time="6.803"/>
  <system-out>
testNG installed browser is maximised demowebshop is launched browser is closed  </system-out>
</testsuite> <!-- ecom.DemoWebShop1_Test -->
